<?xml version="1.0" encoding="UTF-8"?>
<!-- Generated by org.testng.reporters.JUnitXMLReporter -->
<testsuite hostname="Santosh-PC" ignored="0" name="BaningApp Test " tests="2" failures="0" timestamp="01 Sep 2020 12:54:21 GMT" time="84.472" errors="0">
  <testcase name="loginTest" time="4.269" classname="com.inetbanking.testCases.TC_LoginTest_001"/>
  <testcase name="addNewCustomer" time="24.838" classname="com.inetbanking.testCases.TC_AddCustomerTest_003"/>
</testsuite> <!-- BaningApp Test  -->
