<?xml version="1.0" encoding="UTF-8"?>
<testng-results skipped="0" failed="0" ignored="0" total="2" passed="2">
  <reporter-output>
  </reporter-output>
  <suite name="InetBankingV1" duration-ms="84472" started-at="2020-09-01T12:52:56Z" finished-at="2020-09-01T12:54:20Z">
    <groups>
    </groups>
    <test name="BaningApp Test " duration-ms="84472" started-at="2020-09-01T12:52:56Z" finished-at="2020-09-01T12:54:20Z">
      <class name="com.inetbanking.testCases.TC_LoginTest_001">
        <test-method status="PASS" signature="setup(java.lang.String)[pri:0, instance:com.inetbanking.testCases.TC_LoginTest_001@6fadae5d]" name="setup" is-config="true" duration-ms="28111" started-at="2020-09-01T12:52:56Z" finished-at="2020-09-01T12:53:24Z">
          <params>
            <param index="0">
              <value>
                <![CDATA[chrome]]>
              </value>
            </param>
          </params>
          <reporter-output>
          </reporter-output>
        </test-method> <!-- setup -->
        <test-method status="PASS" signature="loginTest()[pri:0, instance:com.inetbanking.testCases.TC_LoginTest_001@6fadae5d]" name="loginTest" duration-ms="4269" started-at="2020-09-01T12:53:24Z" finished-at="2020-09-01T12:53:28Z">
          <reporter-output>
          </reporter-output>
        </test-method> <!-- loginTest -->
        <test-method status="PASS" signature="tearDown()[pri:0, instance:com.inetbanking.testCases.TC_LoginTest_001@6fadae5d]" name="tearDown" is-config="true" duration-ms="704" started-at="2020-09-01T12:53:28Z" finished-at="2020-09-01T12:53:29Z">
          <reporter-output>
          </reporter-output>
        </test-method> <!-- tearDown -->
      </class> <!-- com.inetbanking.testCases.TC_LoginTest_001 -->
      <class name="com.inetbanking.testCases.TC_AddCustomerTest_003">
        <test-method status="PASS" signature="setup(java.lang.String)[pri:0, instance:com.inetbanking.testCases.TC_AddCustomerTest_003@17f6480]" name="setup" is-config="true" duration-ms="23378" started-at="2020-09-01T12:53:29Z" finished-at="2020-09-01T12:53:53Z">
          <params>
            <param index="0">
              <value>
                <![CDATA[chrome]]>
              </value>
            </param>
          </params>
          <reporter-output>
          </reporter-output>
        </test-method> <!-- setup -->
        <test-method status="PASS" signature="addNewCustomer()[pri:0, instance:com.inetbanking.testCases.TC_AddCustomerTest_003@17f6480]" name="addNewCustomer" duration-ms="24838" started-at="2020-09-01T12:53:53Z" finished-at="2020-09-01T12:54:17Z">
          <reporter-output>
          </reporter-output>
        </test-method> <!-- addNewCustomer -->
        <test-method status="PASS" signature="tearDown()[pri:0, instance:com.inetbanking.testCases.TC_AddCustomerTest_003@17f6480]" name="tearDown" is-config="true" duration-ms="2671" started-at="2020-09-01T12:54:17Z" finished-at="2020-09-01T12:54:20Z">
          <reporter-output>
          </reporter-output>
        </test-method> <!-- tearDown -->
      </class> <!-- com.inetbanking.testCases.TC_AddCustomerTest_003 -->
    </test> <!-- BaningApp Test  -->
  </suite> <!-- InetBankingV1 -->
</testng-results>
